
> sushi-sensei@0.1.0 dev
> vite --configLoader native --host 127.0.0.1 --port 5174 --strictPort


  [32m[1mVITE[22m v6.4.2[39m  [2mready in [0m[1m106[22m[2m[0m ms[22m

  [32m➜[39m  [1mLocal[22m:   [36mhttp://127.0.0.1:[1m5174[22m/[39m
[2m11:47:28[22m [36m[1m[vite][22m[39m [90m[2m(client)[22m[39m [32mpage reload [39m[2msrc/ui/IngredientTraitOverlay.js[22m
[2m11:48:31[22m [36m[1m[vite][22m[39m [90m[2m(client)[22m[39m [32mpage reload [39m[2msrc/scenes/GameScene.js[22m
[2m11:50:45[22m [36m[1m[vite][22m[39m [90m[2m(client)[22m[39m [32mpage reload [39m[2msrc/ui/IngredientTraitOverlay.js[22m
[2m11:50:53[22m [36m[1m[vite][22m[39m [90m[2m(client)[22m[39m [32mpage reload [39m[2msrc/ui/IngredientTraitOverlay.js[22m
[2m11:52:19[22m [36m[1m[vite][22m[39m [90m[2m(client)[22m[39m [32mpage reload [39m[2msrc/ui/IngredientTraitOverlay.js[22m
[2m11:52:52[22m [36m[1m[vite][22m[39m [90m[2m(client)[22m[39m [32mpage reload [39m[2msrc/ui/IngredientTraitOverlay.js[22m
[2m11:53:27[22m [36m[1m[vite][22m[39m [90m[2m(client)[22m[39m [32mpage reload [39m[2msrc/ui/IngredientTraitOverlay.js[22m
[2m11:55:37[22m [36m[1m[vite][22m[39m [90m[2m(client)[22m[39m [32mpage reload [39m[2msrc/ui/IngredientTraitOverlay.js[22m
[2m11:55:59[22m [36m[1m[vite][22m[39m [90m[2m(client)[22m[39m [32mpage reload [39m[2msrc/scenes/GameScene.js[22m
[2m11:56:15[22m [36m[1m[vite][22m[39m [90m[2m(client)[22m[39m [32mpage reload [39m[2msrc/scenes/GameScene.js[22m
[2m11:56:52[22m [36m[1m[vite][22m[39m [90m[2m(client)[22m[39m [32mpage reload [39m[2msrc/ui/GameUi.js[22m
[2m11:56:59[22m [36m[1m[vite][22m[39m [90m[2m(client)[22m[39m [32mpage reload [39m[2msrc/scenes/GameScene.js[22m
[2m11:58:09[22m [36m[1m[vite][22m[39m [90m[2m(client)[22m[39m [32mpage reload [39m[2msrc/ui/IngredientTraitOverlay.js[22m
[2m11:59:14[22m [36m[1m[vite][22m[39m [90m[2m(client)[22m[39m [32mpage reload [39m[2msrc/ui/IngredientTraitOverlay.js[22m
[2m12:00:55[22m [36m[1m[vite][22m[39m [90m[2m(client)[22m[39m [32mpage reload [39m[2msrc/objects/IngredientObject.js[22m
[2m12:00:59[22m [36m[1m[vite][22m[39m [90m[2m(client)[22m[39m [32mpage reload [39m[2msrc/objects/RollingMat.js[22m
[2m12:00:59[22m [36m[1m[vite][22m[39m [90m[2m(client)[22m[39m [32mpage reload [39m[2msrc/objects/Plate.js[22m
[2m12:01:05[22m [36m[1m[vite][22m[39m [90m[2m(client)[22m[39m [32mpage reload [39m[2msrc/scenes/GameScene.js[22m
[2m12:03:35[22m [36m[1m[vite][22m[39m [90m[2m(client)[22m[39m [32mpage reload [39m[2msrc/objects/DraggableObject.js[22m
[2m12:03:40[22m [36m[1m[vite][22m[39m [90m[2m(client)[22m[39m [32mpage reload [39m[2msrc/objects/RotatableObject.js[22m
[2m12:03:40[22m [36m[1m[vite][22m[39m [90m[2m(client)[22m[39m [32mpage reload [39m[2msrc/objects/CuttingObject.js[22m
[2m12:03:50[22m [36m[1m[vite][22m[39m [90m[2m(client)[22m[39m [32mpage reload [39m[2msrc/objects/IngredientObject.js[22m
[2m12:04:17[22m [36m[1m[vite][22m[39m [90m[2m(client)[22m[39m [32mpage reload [39m[2msrc/ui/IngredientTraitOverlay.js[22m
[2m12:04:24[22m [36m[1m[vite][22m[39m [90m[2m(client)[22m[39m [32mpage reload [39m[2msrc/scenes/GameScene.js[22m
[2m12:04:36[22m [36m[1m[vite][22m[39m [90m[2m(client)[22m[39m [32mpage reload [39m[2msrc/scenes/GameScene.js[22m
[2m12:04:48[22m [36m[1m[vite][22m[39m [90m[2m(client)[22m[39m [32mpage reload [39m[2msrc/objects/Bowl.js[22m
[2m12:04:48[22m [36m[1m[vite][22m[39m [90m[2m(client)[22m[39m [32mpage reload [39m[2msrc/objects/Brush.js[22m
[2m12:04:49[22m [36m[1m[vite][22m[39m [90m[2m(client)[22m[39m [32mpage reload [39m[2msrc/objects/Knife.js[22m
[2m12:04:58[22m [36m[1m[vite][22m[39m [90m[2m(client)[22m[39m [32mpage reload [39m[2msrc/scenes/GameScene.js[22m
[2m12:05:13[22m [36m[1m[vite][22m[39m [90m[2m(client)[22m[39m [32mpage reload [39m[2msrc/scenes/GameScene.js[22m
[2m12:06:19[22m [36m[1m[vite][22m[39m [90m[2m(client)[22m[39m [32mpage reload [39m[2msrc/scenes/GameScene.js[22m
[2m12:08:42[22m [36m[1m[vite][22m[39m [90m[2m(client)[22m[39m [32mpage reload [39m[2msrc/ui/InventoryBar.js[22m
[2m12:08:47[22m [36m[1m[vite][22m[39m [90m[2m(client)[22m[39m [32mpage reload [39m[2msrc/ui/InventoryBar.js[22m
[2m12:10:19[22m [36m[1m[vite][22m[39m [90m[2m(client)[22m[39m [32mpage reload [39m[2msrc/objects/DraggableObject.js[22m
[2m12:10:26[22m [36m[1m[vite][22m[39m [90m[2m(client)[22m[39m [32mpage reload [39m[2msrc/objects/DraggableObject.js[22m
[2m12:10:48[22m [36m[1m[vite][22m[39m [90m[2m(client)[22m[39m [32mpage reload [39m[2msrc/objects/DraggableObject.js[22m
[2m12:10:57[22m [36m[1m[vite][22m[39m [90m[2m(client)[22m[39m [32mpage reload [39m[2msrc/objects/DraggableObject.js[22m
[2m12:11:07[22m [36m[1m[vite][22m[39m [90m[2m(client)[22m[39m [32mpage reload [39m[2msrc/ui/InventoryBar.js[22m
[2m12:11:12[22m [36m[1m[vite][22m[39m [90m[2m(client)[22m[39m [32mpage reload [39m[2msrc/ui/InventoryBar.js[22m
[2m12:11:16[22m [36m[1m[vite][22m[39m [90m[2m(client)[22m[39m [32mpage reload [39m[2msrc/ui/InventoryBar.js[22m
[2m12:11:20[22m [36m[1m[vite][22m[39m [90m[2m(client)[22m[39m [32mpage reload [39m[2msrc/ui/InventoryBar.js[22m
[2m12:11:24[22m [36m[1m[vite][22m[39m [90m[2m(client)[22m[39m [32mpage reload [39m[2msrc/ui/InventoryBar.js[22m
[2m12:13:05[22m [36m[1m[vite][22m[39m [90m[2m(client)[22m[39m [32mpage reload [39m[2msrc/ui/InventoryBar.js[22m
[2m12:13:13[22m [36m[1m[vite][22m[39m [90m[2m(client)[22m[39m [32mpage reload [39m[2msrc/ui/InventoryBar.js[22m
[2m12:13:21[22m [36m[1m[vite][22m[39m [90m[2m(client)[22m[39m [32mpage reload [39m[2msrc/ui/InventoryBar.js[22m
[2m12:13:27[22m [36m[1m[vite][22m[39m [90m[2m(client)[22m[39m [32mpage reload [39m[2msrc/ui/InventoryBar.js[22m
[2m12:13:31[22m [36m[1m[vite][22m[39m [90m[2m(client)[22m[39m [32mpage reload [39m[2msrc/ui/InventoryBar.js[22m
[2m12:13:35[22m [36m[1m[vite][22m[39m [90m[2m(client)[22m[39m [32mpage reload [39m[2msrc/ui/InventoryBar.js[22m
[2m12:13:41[22m [36m[1m[vite][22m[39m [90m[2m(client)[22m[39m [32mpage reload [39m[2msrc/ui/InventoryBar.js[22m
[2m12:14:44[22m [36m[1m[vite][22m[39m [90m[2m(client)[22m[39m [32mpage reload [39m[2msrc/ui/InventoryBar.js[22m
[2m12:16:12[22m [36m[1m[vite][22m[39m [90m[2m(client)[22m[39m [32mpage reload [39m[2msrc/ui/InventoryBar.js[22m
[2m12:17:49[22m [36m[1m[vite][22m[39m [90m[2m(client)[22m[39m [32mpage reload [39m[2msrc/ui/IngredientTraitOverlay.js[22m
[2m12:18:43[22m [36m[1m[vite][22m[39m [90m[2m(client)[22m[39m [32mpage reload [39m[2msrc/ui/InventoryBar.js[22m
[2m12:18:47[22m [36m[1m[vite][22m[39m [90m[2m(client)[22m[39m [32mpage reload [39m[2msrc/ui/InventoryBar.js[22m
[2m12:19:00[22m [36m[1m[vite][22m[39m [90m[2m(client)[22m[39m [32mpage reload [39m[2msrc/ui/InventoryBar.js[22m
[2m12:19:23[22m [36m[1m[vite][22m[39m [90m[2m(client)[22m[39m [32mpage reload [39m[2msrc/ui/InventoryBar.js[22m
[2m12:19:38[22m [36m[1m[vite][22m[39m [90m[2m(client)[22m[39m [32mpage reload [39m[2msrc/ui/InventoryBar.js[22m
[2m12:19:41[22m [36m[1m[vite][22m[39m [90m[2m(client)[22m[39m [32mpage reload [39m[2msrc/ui/InventoryBar.js[22m
[2m12:19:54[22m [36m[1m[vite][22m[39m [90m[2m(client)[22m[39m [32mpage reload [39m[2msrc/ui/InventoryBar.js[22m
[2m12:19:58[22m [36m[1m[vite][22m[39m [90m[2m(client)[22m[39m [32mpage reload [39m[2msrc/ui/InventoryBar.js[22m
[2m12:20:02[22m [36m[1m[vite][22m[39m [90m[2m(client)[22m[39m [32mpage reload [39m[2msrc/ui/InventoryBar.js[22m
[2m12:20:08[22m [36m[1m[vite][22m[39m [90m[2m(client)[22m[39m [32mpage reload [39m[2msrc/ui/InventoryBar.js[22m
[2m12:20:29[22m [36m[1m[vite][22m[39m [90m[2m(client)[22m[39m [32mpage reload [39m[2msrc/ui/InventoryBar.js[22m
[2m12:20:41[22m [36m[1m[vite][22m[39m [90m[2m(client)[22m[39m [32mpage reload [39m[2msrc/ui/InventoryBar.js[22m
[2m12:23:53[22m [36m[1m[vite][22m[39m [90m[2m(client)[22m[39m [32mpage reload [39m[2msrc/ui/InventoryBar.js[22m
[2m12:24:36[22m [36m[1m[vite][22m[39m [90m[2m(client)[22m[39m [32mpage reload [39m[2msrc/ui/InventoryBar.js[22m
[2m12:24:56[22m [36m[1m[vite][22m[39m [90m[2m(client)[22m[39m [32mpage reload [39m[2msrc/ui/InventoryBar.js[22m
[2m12:25:12[22m [36m[1m[vite][22m[39m [90m[2m(client)[22m[39m [32mpage reload [39m[2msrc/ui/InventoryBar.js[22m
[2m12:25:16[22m [36m[1m[vite][22m[39m [90m[2m(client)[22m[39m [32mpage reload [39m[2msrc/scenes/GameScene.js[22m
[2m12:25:21[22m [36m[1m[vite][22m[39m [90m[2m(client)[22m[39m [32mpage reload [39m[2msrc/ui/InventoryBar.js[22m
[2m12:25:29[22m [36m[1m[vite][22m[39m [90m[2m(client)[22m[39m [32mpage reload [39m[2msrc/ui/InventoryBar.js[22m
[2m12:25:37[22m [36m[1m[vite][22m[39m [90m[2m(client)[22m[39m [32mpage reload [39m[2msrc/ui/InventoryBar.js[22m
[2m12:26:11[22m [36m[1m[vite][22m[39m [90m[2m(client)[22m[39m [32mpage reload [39m[2msrc/scenes/GameScene.js[22m
[2m12:26:34[22m [36m[1m[vite][22m[39m [90m[2m(client)[22m[39m [32mpage reload [39m[2msrc/ui/InventoryBar.js[22m
[2m12:27:49[22m [36m[1m[vite][22m[39m [90m[2m(client)[22m[39m [32mpage reload [39m[2msrc/ui/IngredientTraitOverlay.js[22m
[2m12:27:54[22m [36m[1m[vite][22m[39m [90m[2m(client)[22m[39m [32mpage reload [39m[2msrc/ui/IngredientTraitOverlay.js[22m
[2m12:27:58[22m [36m[1m[vite][22m[39m [90m[2m(client)[22m[39m [32mpage reload [39m[2msrc/ui/IngredientTraitOverlay.js[22m
[2m12:29:05[22m [36m[1m[vite][22m[39m [90m[2m(client)[22m[39m [32mpage reload [39m[2msrc/ui/IngredientTraitOverlay.js[22m
[2m12:29:09[22m [36m[1m[vite][22m[39m [90m[2m(client)[22m[39m [32mpage reload [39m[2msrc/ui/IngredientTraitOverlay.js[22m
[2m12:29:19[22m [36m[1m[vite][22m[39m [90m[2m(client)[22m[39m [32mpage reload [39m[2msrc/ui/InventoryBar.js[22m
[2m12:29:36[22m [36m[1m[vite][22m[39m [90m[2m(client)[22m[39m [32mpage reload [39m[2msrc/ui/IngredientTraitOverlay.js[22m
[2m12:31:06[22m [36m[1m[vite][22m[39m [90m[2m(client)[22m[39m [32mpage reload [39m[2msrc/ui/IngredientTraitOverlay.js[22m
[2m12:31:38[22m [36m[1m[vite][22m[39m [90m[2m(client)[22m[39m [32mpage reload [39m[2msrc/ui/IngredientTraitOverlay.js[22m
[2m12:31:59[22m [36m[1m[vite][22m[39m [90m[2m(client)[22m[39m [32mpage reload [39m[2msrc/ui/IngredientTraitOverlay.js[22m
[2m12:32:11[22m [36m[1m[vite][22m[39m [90m[2m(client)[22m[39m [32mpage reload [39m[2msrc/ui/IngredientTraitOverlay.js[22m
[2m12:32:29[22m [36m[1m[vite][22m[39m [90m[2m(client)[22m[39m [32mpage reload [39m[2msrc/ui/IngredientTraitOverlay.js[22m
[2m12:33:35[22m [36m[1m[vite][22m[39m [90m[2m(client)[22m[39m [32mpage reload [39m[2msrc/ui/IngredientTraitOverlay.js[22m
[2m12:33:40[22m [36m[1m[vite][22m[39m [90m[2m(client)[22m[39m [32mpage reload [39m[2msrc/ui/IngredientTraitOverlay.js[22m
[2m12:36:22[22m [36m[1m[vite][22m[39m [90m[2m(client)[22m[39m [32mpage reload [39m[2msrc/ui/IngredientTraitOverlay.js[22m
[2m12:36:25[22m [36m[1m[vite][22m[39m [90m[2m(client)[22m[39m [32mpage reload [39m[2msrc/ui/InventoryBar.js[22m
[2m12:37:40[22m [36m[1m[vite][22m[39m [90m[2m(client)[22m[39m [32mpage reload [39m[2msrc/ui/InventoryBar.js[22m
[2m12:38:38[22m [36m[1m[vite][22m[39m [90m[2m(client)[22m[39m [32mpage reload [39m[2msrc/ui/InventoryBar.js[22m
[2m12:39:22[22m [36m[1m[vite][22m[39m [90m[2m(client)[22m[39m [32mpage reload [39m[2msrc/ui/InventoryBar.js[22m
[2m12:40:10[22m [36m[1m[vite][22m[39m [90m[2m(client)[22m[39m [32mpage reload [39m[2msrc/ui/InventoryBar.js[22m
[2m12:42:26[22m [36m[1m[vite][22m[39m [90m[2m(client)[22m[39m [32mpage reload [39m[2msrc/ui/InventoryBar.js[22m
[2m12:43:04[22m [36m[1m[vite][22m[39m [90m[2m(client)[22m[39m [32mpage reload [39m[2msrc/ui/InventoryBar.js[22m
[2m12:43:27[22m [36m[1m[vite][22m[39m [90m[2m(client)[22m[39m [32mpage reload [39m[2msrc/ui/InventoryBar.js[22m
[2m12:43:32[22m [36m[1m[vite][22m[39m [90m[2m(client)[22m[39m [32mpage reload [39m[2msrc/ui/InventoryBar.js[22m
[2m12:43:36[22m [36m[1m[vite][22m[39m [90m[2m(client)[22m[39m [32mpage reload [39m[2msrc/ui/InventoryBar.js[22m
[2m12:43:45[22m [36m[1m[vite][22m[39m [90m[2m(client)[22m[39m [32mpage reload [39m[2msrc/ui/InventoryBar.js[22m
[2m12:43:51[22m [36m[1m[vite][22m[39m [90m[2m(client)[22m[39m [32mpage reload [39m[2msrc/ui/InventoryBar.js[22m
[2m12:43:58[22m [36m[1m[vite][22m[39m [90m[2m(client)[22m[39m [32mpage reload [39m[2msrc/ui/InventoryBar.js[22m
[2m12:44:05[22m [36m[1m[vite][22m[39m [90m[2m(client)[22m[39m [32mpage reload [39m[2msrc/ui/InventoryBar.js[22m
[2m12:45:36[22m [36m[1m[vite][22m[39m [90m[2m(client)[22m[39m [32mpage reload [39m[2msrc/ui/InventoryBar.js[22m
[2m12:45:43[22m [36m[1m[vite][22m[39m [90m[2m(client)[22m[39m [32mpage reload [39m[2msrc/ui/InventoryBar.js[22m
[2m12:46:59[22m [36m[1m[vite][22m[39m [90m[2m(client)[22m[39m [32mpage reload [39m[2msrc/ui/InventoryBar.js[22m
[2m12:47:12[22m [36m[1m[vite][22m[39m [90m[2m(client)[22m[39m [32mpage reload [39m[2msrc/ui/InventoryBar.js[22m
[2m12:49:25[22m [36m[1m[vite][22m[39m [90m[2m(client)[22m[39m [32mpage reload [39m[2msrc/ui/InventoryBar.js[22m
[2m12:49:37[22m [36m[1m[vite][22m[39m [90m[2m(client)[22m[39m [32mpage reload [39m[2msrc/ui/InventoryBar.js[22m
[2m12:49:41[22m [36m[1m[vite][22m[39m [90m[2m(client)[22m[39m [32mpage reload [39m[2msrc/ui/InventoryBar.js[22m
[2m12:49:46[22m [36m[1m[vite][22m[39m [90m[2m(client)[22m[39m [32mpage reload [39m[2msrc/ui/InventoryBar.js[22m
[2m12:54:28[22m [36m[1m[vite][22m[39m [90m[2m(client)[22m[39m [32mpage reload [39m[2msrc/ui/IngredientTraitOverlay.js[22m
[2m12:54:34[22m [36m[1m[vite][22m[39m [90m[2m(client)[22m[39m [32mpage reload [39m[2msrc/ui/InventoryBar.js[22m
[2m12:54:46[22m [36m[1m[vite][22m[39m [90m[2m(client)[22m[39m [32mpage reload [39m[2msrc/ui/InventoryBar.js[22m
[2m12:56:38[22m [36m[1m[vite][22m[39m [90m[2m(client)[22m[39m [32mpage reload [39m[2msrc/ui/IngredientTraitOverlay.js[22m
[2m12:58:25[22m [36m[1m[vite][22m[39m [90m[2m(client)[22m[39m [32mpage reload [39m[2msrc/ui/InventoryBar.js[22m
[2m12:58:44[22m [36m[1m[vite][22m[39m [90m[2m(client)[22m[39m [32mpage reload [39m[2msrc/ui/InventoryBar.js[22m
[2m12:59:27[22m [36m[1m[vite][22m[39m [90m[2m(client)[22m[39m [32mpage reload [39m[2msrc/ui/InventoryBar.js[22m
[2m13:00:32[22m [36m[1m[vite][22m[39m [90m[2m(client)[22m[39m [32mpage reload [39m[2msrc/ui/IngredientTraitOverlay.js[22m
[2m13:00:38[22m [36m[1m[vite][22m[39m [90m[2m(client)[22m[39m [32mpage reload [39m[2msrc/ui/IngredientTraitOverlay.js[22m
